<?xml version="1.0" encoding="UTF-8"?>
<testng-results ignored="0" total="1" passed="1" failed="0" skipped="0">
  <reporter-output>
  </reporter-output>
  <suite started-at="2025-10-31T14:32:25 ICT" name="Default suite" finished-at="2025-10-31T14:32:35 ICT" duration-ms="9936">
    <groups>
    </groups>
    <test started-at="2025-10-31T14:32:25 ICT" name="Default test" finished-at="2025-10-31T14:32:35 ICT" duration-ms="9936">
      <class name="Bai8.BTVN">
        <test-method is-config="true" signature="setup()[pri:0, instance:Bai8.BTVN@7eac9008]" started-at="2025-10-31T14:32:25 ICT" name="setup" finished-at="2025-10-31T14:32:27 ICT" duration-ms="2820" status="PASS">
          <reporter-output>
          </reporter-output>
        </test-method> <!-- setup -->
        <test-method signature="testLovateElements()[pri:0, instance:Bai8.BTVN@7eac9008]" started-at="2025-10-31T14:32:27 ICT" name="testLovateElements" finished-at="2025-10-31T14:32:34 ICT" duration-ms="6767" status="PASS">
          <reporter-output>
          </reporter-output>
        </test-method> <!-- testLovateElements -->
        <test-method is-config="true" signature="tearDown()[pri:0, instance:Bai8.BTVN@7eac9008]" started-at="2025-10-31T14:32:34 ICT" name="tearDown" finished-at="2025-10-31T14:32:35 ICT" duration-ms="269" status="PASS">
          <reporter-output>
          </reporter-output>
        </test-method> <!-- tearDown -->
      </class> <!-- Bai8.BTVN -->
    </test> <!-- Default test -->
  </suite> <!-- Default suite -->
</testng-results>
