<?xml version="1.0" encoding="UTF-8"?>
<testng-results ignored="0" total="1" passed="1" failed="0" skipped="0">
  <reporter-output>
  </reporter-output>
  <suite started-at="2025-10-30T17:42:57 ICT" name="Default suite" finished-at="2025-10-30T17:43:04 ICT" duration-ms="6316">
    <groups>
    </groups>
    <test started-at="2025-10-30T17:42:57 ICT" name="Default test" finished-at="2025-10-30T17:43:04 ICT" duration-ms="6316">
      <class name="Bai8.B1Test">
        <test-method is-config="true" signature="setup()[pri:0, instance:Bai8.B1Test@dd05255]" started-at="2025-10-30T17:42:57 ICT" name="setup" finished-at="2025-10-30T17:43:00 ICT" duration-ms="2437" status="PASS">
          <reporter-output>
          </reporter-output>
        </test-method> <!-- setup -->
        <test-method signature="testLocateElements()[pri:0, instance:Bai8.B1Test@dd05255]" started-at="2025-10-30T17:43:00 ICT" name="testLocateElements" finished-at="2025-10-30T17:43:03 ICT" duration-ms="3488" status="PASS">
          <reporter-output>
          </reporter-output>
        </test-method> <!-- testLocateElements -->
        <test-method is-config="true" signature="tearDown()[pri:0, instance:Bai8.B1Test@dd05255]" started-at="2025-10-30T17:43:03 ICT" name="tearDown" finished-at="2025-10-30T17:43:04 ICT" duration-ms="320" status="PASS">
          <reporter-output>
          </reporter-output>
        </test-method> <!-- tearDown -->
      </class> <!-- Bai8.B1Test -->
    </test> <!-- Default test -->
  </suite> <!-- Default suite -->
</testng-results>
